<?xml version="1.0" encoding="UTF-8"?>
<testsuite xmlns:xsi="http://www.w3.org/2001/XMLSchema-instance" xsi:noNamespaceSchemaLocation="https://maven.apache.org/surefire/maven-surefire-plugin/xsd/surefire-test-report.xsd" version="3.0.2" name="com.xosotv.live.xosotv_backend.XosotvBackendApplicationTests" time="4.047" tests="1" errors="0" skipped="0" failures="0">
  <properties>
[...]
</properties>
  <testcase name="contextLoads" classname="com.xosotv.live.xosotv_backend.XosotvBackendApplicationTests" time="0.735">
    <system-out><![CDATA[11:05:51.193 [main] INFO org.springframework.test.context.support.AnnotationConfigContextLoaderUtils -- Could not detect default configuration classes for test class [com.xosotv.live.xosotv_backend.XosotvBackendApplicationTests]: XosotvBackendApplicationTests does not declare any static, non-private, non-final, nested classes annotated with @Configuration.
11:05:51.301 [main] INFO org.springframework.boot.test.context.SpringBootTestContextBootstrapper -- Found @SpringBootConfiguration com.xosotv.live.xosotv_backend.XosotvBackendApplication for test class com.xosotv.live.xosotv_backend.XosotvBackendApplicationTests

  .   ____          _            __ _ _
 /\\ / ___'_ __ _ _(_)_ __  __ _ \ \ \ \
( ( )\___ | '_ | '_| | '_ \/ _` | \ \ \ \
 \\/  ___)| |_)| | | | | || (_| |  ) ) ) )
  '  |____| .__|_| |_|_| |_\__, | / / / /
 =========|_|==============|___/=/_/_/_/

 :: Spring Boot ::                (v3.5.0)

2025-08-06T11:05:51.645+07:00  WARN 18511 --- [xosotv-backend] [           main] ory$DuplicateJsonObjectContextCustomizer : 

Found multiple occurrences of org.json.JSONObject on the class path:

	jar:file:/Users/pro/.m2/repository/org/json/json/20231013/json-20231013.jar!/org/json/JSONObject.class
	jar:file:/Users/pro/.m2/repository/com/vaadin/external/google/android-json/0.0.20131108.vaadin1/android-json-0.0.20131108.vaadin1.jar!/org/json/JSONObject.class

You may wish to exclude one of them to ensure predictable runtime behavior

2025-08-06T11:05:51.663+07:00  INFO 18511 --- [xosotv-backend] [           main] c.x.l.x.XosotvBackendApplicationTests    : Starting XosotvBackendApplicationTests using Java 21.0.4 with PID 18511 (started by pro in /Users/pro/Documents/GitHub/Duan_SimuTrader/xosotv-backend)
2025-08-06T11:05:51.664+07:00 DEBUG 18511 --- [xosotv-backend] [           main] c.x.l.x.XosotvBackendApplicationTests    : Running with Spring Boot v3.5.0, Spring v6.2.7
2025-08-06T11:05:51.665+07:00  INFO 18511 --- [xosotv-backend] [           main] c.x.l.x.XosotvBackendApplicationTests    : No active profile set, falling back to 1 default profile: "default"
2025-08-06T11:05:51.693+07:00 DEBUG 18511 --- [xosotv-backend] [           main] o.s.w.c.s.GenericWebApplicationContext   : Refreshing org.springframework.web.context.support.GenericWebApplicationContext@51bde877
2025-08-06T11:05:52.388+07:00  INFO 18511 --- [xosotv-backend] [           main] .s.d.r.c.RepositoryConfigurationDelegate : Bootstrapping Spring Data MongoDB repositories in DEFAULT mode.
2025-08-06T11:05:52.457+07:00  INFO 18511 --- [xosotv-backend] [           main] .s.d.r.c.RepositoryConfigurationDelegate : Finished Spring Data repository scanning in 62 ms. Found 9 MongoDB repository interfaces.
2025-08-06T11:05:52.911+07:00  INFO 18511 --- [xosotv-backend] [           main] org.mongodb.driver.client                : MongoClient with metadata {"driver": {"name": "mongo-java-driver|sync|spring-boot", "version": "5.4.0"}, "os": {"type": "Darwin", "name": "Mac OS X", "architecture": "x86_64", "version": "14.4"}, "platform": "Java/Amazon.com Inc./21.0.4+7-LTS"} created with settings MongoClientSettings{readPreference=primary, writeConcern=WriteConcern{w=null, wTimeout=null ms, journal=null}, retryWrites=true, retryReads=true, readConcern=ReadConcern{level=null}, credential=null, transportSettings=null, commandListeners=[], codecRegistry=ProvidersCodecRegistry{codecProviders=[ValueCodecProvider{}, BsonValueCodecProvider{}, DBRefCodecProvider{}, DBObjectCodecProvider{}, DocumentCodecProvider{}, CollectionCodecProvider{}, IterableCodecProvider{}, MapCodecProvider{}, GeoJsonCodecProvider{}, GridFSFileCodecProvider{}, Jsr310CodecProvider{}, JsonObjectCodecProvider{}, BsonCodecProvider{}, EnumCodecProvider{}, com.mongodb.client.model.mql.ExpressionCodecProvider@7cff3f1d, com.mongodb.Jep395RecordCodecProvider@6401188a, com.mongodb.KotlinCodecProvider@33a8c9c9]}, loggerSettings=LoggerSettings{maxDocumentLength=1000}, clusterSettings={hosts=[localhost:27017], srvServiceName=mongodb, mode=SINGLE, requiredClusterType=UNKNOWN, requiredReplicaSetName='null', serverSelector='null', clusterListeners='[]', serverSelectionTimeout='30000 ms', localThreshold='15 ms'}, socketSettings=SocketSettings{connectTimeoutMS=10000, readTimeoutMS=0, receiveBufferSize=0, proxySettings=ProxySettings{host=null, port=null, username=null, password=null}}, heartbeatSocketSettings=SocketSettings{connectTimeoutMS=10000, readTimeoutMS=10000, receiveBufferSize=0, proxySettings=ProxySettings{host=null, port=null, username=null, password=null}}, connectionPoolSettings=ConnectionPoolSettings{maxSize=100, minSize=0, maxWaitTimeMS=120000, maxConnectionLifeTimeMS=0, maxConnectionIdleTimeMS=0, maintenanceInitialDelayMS=0, maintenanceFrequencyMS=60000, connectionPoolListeners=[], maxConnecting=2}, serverSettings=ServerSettings{heartbeatFrequencyMS=10000, minHeartbeatFrequencyMS=500, serverMonitoringMode=AUTO, serverListeners='[]', serverMonitorListeners='[]'}, sslSettings=SslSettings{enabled=false, invalidHostNameAllowed=false, context=null}, applicationName='null', compressorList=[], uuidRepresentation=JAVA_LEGACY, serverApi=null, autoEncryptionSettings=null, dnsClient=null, inetAddressResolver=null, contextProvider=null, timeoutMS=null}
2025-08-06T11:05:52.962+07:00  INFO 18511 --- [xosotv-backend] [localhost:27017] org.mongodb.driver.cluster               : Monitor thread successfully connected to server with description ServerDescription{address=localhost:27017, type=STANDALONE, cryptd=false, state=CONNECTED, ok=true, minWireVersion=0, maxWireVersion=25, maxDocumentSize=16777216, logicalSessionTimeoutMinutes=30, roundTripTimeNanos=39201064, minRoundTripTimeNanos=0}
2025-08-06T11:05:52.969+07:00  WARN 18511 --- [xosotv-backend] [           main] o.s.data.convert.CustomConversions       : Registering converter from interface java.util.List to interface org.springframework.data.domain.Vector as reading converter although it doesn't convert from a store-supported type; You might want to check your annotation setup at the converter implementation
2025-08-06T11:05:53.100+07:00  WARN 18511 --- [xosotv-backend] [           main] o.s.data.convert.CustomConversions       : Registering converter from interface java.util.List to interface org.springframework.data.domain.Vector as reading converter although it doesn't convert from a store-supported type; You might want to check your annotation setup at the converter implementation
2025-08-06T11:05:53.269+07:00  INFO 18511 --- [xosotv-backend] [           main] eAuthenticationProviderManagerConfigurer : Global AuthenticationManager configured with AuthenticationProvider bean with name authenticationProvider
2025-08-06T11:05:53.270+07:00  WARN 18511 --- [xosotv-backend] [           main] r$InitializeUserDetailsManagerConfigurer : Global AuthenticationManager configured with an AuthenticationProvider bean. UserDetailsService beans will not be used by Spring Security for automatically configuring username/password login. Consider removing the AuthenticationProvider bean. Alternatively, consider using the UserDetailsService in a manually instantiated DaoAuthenticationProvider. If the current configuration is intentional, to turn off this warning, increase the logging level of 'org.springframework.security.config.annotation.authentication.configuration.InitializeUserDetailsBeanManagerConfigurer' to ERROR
2025-08-06T11:05:53.760+07:00 DEBUG 18511 --- [xosotv-backend] [           main] s.w.s.m.m.a.RequestMappingHandlerMapping : 49 mappings in 'requestMappingHandlerMapping'
2025-08-06T11:05:53.876+07:00 DEBUG 18511 --- [xosotv-backend] [           main] o.s.w.s.handler.SimpleUrlHandlerMapping  : Patterns [/webjars/**, /**] in 'resourceHandlerMapping'
2025-08-06T11:05:53.932+07:00  WARN 18511 --- [xosotv-backend] [           main] thorizationManagerRequestMatcherRegistry : One of the patterns in [/api/auth/**, api/draw/**] is missing a leading slash. This is discouraged; please include the leading slash in all your request matcher patterns. In future versions of Spring Security, leaving out the leading slash will result in an exception.
2025-08-06T11:05:54.074+07:00  INFO 18511 --- [xosotv-backend] [           main] o.s.v.b.OptionalValidatorFactoryBean     : Failed to set up a Bean Validation provider: jakarta.validation.NoProviderFoundException: Unable to create a Configuration, because no Jakarta Bean Validation provider could be found. Add a provider like Hibernate Validator (RI) to your classpath.
2025-08-06T11:05:54.099+07:00 DEBUG 18511 --- [xosotv-backend] [           main] s.w.s.m.m.a.RequestMappingHandlerAdapter : ControllerAdvice beans: 0 @ModelAttribute, 0 @InitBinder, 1 RequestBodyAdvice, 1 ResponseBodyAdvice
2025-08-06T11:05:54.147+07:00 DEBUG 18511 --- [xosotv-backend] [           main] .m.m.a.ExceptionHandlerExceptionResolver : ControllerAdvice beans: 0 @ExceptionHandler, 1 ResponseBodyAdvice
2025-08-06T11:05:54.299+07:00  INFO 18511 --- [xosotv-backend] [           main] c.x.l.x.XosotvBackendApplicationTests    : Started XosotvBackendApplicationTests in 2.893 seconds (process running for 3.744)
2025-08-06T11:05:54.302+07:00  INFO 18511 --- [xosotv-backend] [   scheduling-1] c.x.l.x.b.s.PositionMonitoringScheduler  : --- [START] Processing All Positions (Pending & Open) ---
2025-08-06T11:05:54.367+07:00  INFO 18511 --- [xosotv-backend] [   scheduling-1] c.x.l.x.b.s.PositionMonitoringScheduler  : --- [END] Processing All Positions ---
2025-08-06T11:05:54.368+07:00  INFO 18511 --- [xosotv-backend] [   scheduling-1] c.x.l.x.b.service.TradingBotScheduler    : ----------------- Starting scheduled trade scan -----------------
2025-08-06T11:05:54.371+07:00  INFO 18511 --- [xosotv-backend] [   scheduling-1] c.x.l.x.b.service.TradingBotScheduler    : No active trading rules found.
]]></system-out>
    <system-err><![CDATA[Mockito is currently self-attaching to enable the inline-mock-maker. This will no longer work in future releases of the JDK. Please add Mockito as an agent to your build as described in Mockito's documentation: https://javadoc.io/doc/org.mockito/mockito-core/latest/org.mockito/org/mockito/Mockito.html#0.3
WARNING: A Java agent has been loaded dynamically (/Users/pro/.m2/repository/net/bytebuddy/byte-buddy-agent/1.17.5/byte-buddy-agent-1.17.5.jar)
WARNING: If a serviceability tool is in use, please run with -XX:+EnableDynamicAgentLoading to hide this warning
WARNING: If a serviceability tool is not in use, please run with -Djdk.instrument.traceUsage for more information
WARNING: Dynamic loading of agents will be disallowed by default in a future release
]]></system-err>
  </testcase>
</testsuite>